<?xml version="1.0" encoding="UTF-8"?>
<testng-results ignored="0" total="2" passed="2" failed="0" skipped="0">
  <reporter-output>
  </reporter-output>
  <suite started-at="2025-10-20T11:12:51 IST" name="Surefire suite" finished-at="2025-10-20T11:13:07 IST" duration-ms="16497">
    <groups>
    </groups>
    <test started-at="2025-10-20T11:12:51 IST" name="Surefire test" finished-at="2025-10-20T11:13:07 IST" duration-ms="16497">
      <class name="com.semini.LoginTest">
        <test-method is-config="true" signature="setup()[pri:0, instance:com.semini.LoginTest@2473d930]" started-at="2025-10-20T11:12:51 IST" name="setup" finished-at="2025-10-20T11:12:54 IST" duration-ms="3285" status="PASS">
          <reporter-output>
          </reporter-output>
        </test-method> <!-- setup -->
        <test-method signature="testValidLogin()[pri:1, instance:com.semini.LoginTest@2473d930]" started-at="2025-10-20T11:12:54 IST" name="testValidLogin" finished-at="2025-10-20T11:13:05 IST" duration-ms="10892" status="PASS">
          <reporter-output>
          </reporter-output>
        </test-method> <!-- testValidLogin -->
        <test-method signature="testInvalidLogin()[pri:2, instance:com.semini.LoginTest@2473d930]" started-at="2025-10-20T11:13:05 IST" name="testInvalidLogin" finished-at="2025-10-20T11:13:07 IST" duration-ms="1799" status="PASS">
          <reporter-output>
          </reporter-output>
        </test-method> <!-- testInvalidLogin -->
        <test-method is-config="true" signature="teardown()[pri:0, instance:com.semini.LoginTest@2473d930]" started-at="2025-10-20T11:13:07 IST" name="teardown" finished-at="2025-10-20T11:13:07 IST" duration-ms="428" status="PASS">
          <reporter-output>
          </reporter-output>
        </test-method> <!-- teardown -->
      </class> <!-- com.semini.LoginTest -->
    </test> <!-- Surefire test -->
  </suite> <!-- Surefire suite -->
</testng-results>
